CRITICAL - 2023-02-04 01:47:19 --> Invalid argument supplied for foreach()
in APPPATH\Views\Articles\index.php on line 23.
 1 APPPATH\Views\Articles\index.php(23): CodeIgniter\Debug\Exceptions->errorHandler(2, 'Invalid argument supplied for foreach()', 'APPPATH\\Views\\Articles\\index.php', 23, [])
 2 SYSTEMPATH\View\View.php(213): include('APPPATH\\Views\\Articles\\index.php')
 3 SYSTEMPATH\View\View.php(216): CodeIgniter\View\View->CodeIgniter\View\{closure}()
 4 SYSTEMPATH\Common.php(1135): CodeIgniter\View\View->render('Articles/index', [], true)
 5 APPPATH\Controllers\Home.php(9): view('Articles/index')
 6 SYSTEMPATH\CodeIgniter.php(896): App\Controllers\Home->index()
 7 SYSTEMPATH\CodeIgniter.php(466): CodeIgniter\CodeIgniter->runController(Object(App\Controllers\Home))
 8 SYSTEMPATH\CodeIgniter.php(349): CodeIgniter\CodeIgniter->handleRequest(null, Object(Config\Cache), false)
 9 FCPATH\index.php(55): CodeIgniter\CodeIgniter->run()
10 SYSTEMPATH\Commands\Server\rewrite.php(43): require_once('FCPATH\\index.php')
CRITICAL - 2023-02-04 01:47:42 --> Invalid file: Articles.php
in SYSTEMPATH\Exceptions\FrameworkException.php on line 33.
 1 SYSTEMPATH\View\View.php(201): CodeIgniter\Exceptions\FrameworkException::forInvalidFile('Articles.php')
 2 SYSTEMPATH\Common.php(1135): CodeIgniter\View\View->render('Articles', [], true)
 3 APPPATH\Controllers\Home.php(9): view('Articles')
 4 SYSTEMPATH\CodeIgniter.php(896): App\Controllers\Home->index()
 5 SYSTEMPATH\CodeIgniter.php(466): CodeIgniter\CodeIgniter->runController(Object(App\Controllers\Home))
 6 SYSTEMPATH\CodeIgniter.php(349): CodeIgniter\CodeIgniter->handleRequest(null, Object(Config\Cache), false)
 7 FCPATH\index.php(55): CodeIgniter\CodeIgniter->run()
 8 SYSTEMPATH\Commands\Server\rewrite.php(43): require_once('FCPATH\\index.php')
CRITICAL - 2023-02-04 01:53:03 --> Class 'App\Models\ArtikelModel' not found
in APPPATH\Controllers\Artikel.php on line 11.
 1 SYSTEMPATH\CodeIgniter.php(896): App\Controllers\Artikel->index()
 2 SYSTEMPATH\CodeIgniter.php(466): CodeIgniter\CodeIgniter->runController(Object(App\Controllers\Artikel))
 3 SYSTEMPATH\CodeIgniter.php(349): CodeIgniter\CodeIgniter->handleRequest(null, Object(Config\Cache), false)
 4 FCPATH\index.php(55): CodeIgniter\CodeIgniter->run()
 5 SYSTEMPATH\Commands\Server\rewrite.php(43): require_once('FCPATH\\index.php')
ERROR - 2023-02-04 01:53:21 --> Error connecting to the database: Unknown database 'baca_id'
CRITICAL - 2023-02-04 01:53:21 --> Unable to connect to the database.
Main connection [MySQLi]: Unknown database 'baca_id'
in SYSTEMPATH\Database\BaseConnection.php on line 416.
 1 SYSTEMPATH\Database\BaseConnection.php(586): CodeIgniter\Database\BaseConnection->initialize()
 2 SYSTEMPATH\Database\BaseBuilder.php(1585): CodeIgniter\Database\BaseConnection->query('SELECT *
FROM `artikel`', [], false)
 3 SYSTEMPATH\Model.php(222): CodeIgniter\Database\BaseBuilder->get()
 4 SYSTEMPATH\BaseModel.php(584): CodeIgniter\Model->doFindAll(0, 0)
 5 APPPATH\Models\ArtikelModel.php(18): CodeIgniter\BaseModel->findAll()
 6 APPPATH\Controllers\Artikel.php(12): App\Models\ArtikelModel->getArtikel(false)
 7 SYSTEMPATH\CodeIgniter.php(896): App\Controllers\Artikel->index()
 8 SYSTEMPATH\CodeIgniter.php(466): CodeIgniter\CodeIgniter->runController(Object(App\Controllers\Artikel))
 9 SYSTEMPATH\CodeIgniter.php(349): CodeIgniter\CodeIgniter->handleRequest(null, Object(Config\Cache), false)
10 FCPATH\index.php(55): CodeIgniter\CodeIgniter->run()
11 SYSTEMPATH\Commands\Server\rewrite.php(43): require_once('FCPATH\\index.php')
ERROR - 2023-02-04 01:53:47 --> Error connecting to the database: Unknown database 'baca_id'
CRITICAL - 2023-02-04 01:53:47 --> Unable to connect to the database.
Main connection [MySQLi]: Unknown database 'baca_id'
in SYSTEMPATH\Database\BaseConnection.php on line 416.
 1 SYSTEMPATH\Database\BaseConnection.php(586): CodeIgniter\Database\BaseConnection->initialize()
 2 SYSTEMPATH\Database\BaseBuilder.php(1585): CodeIgniter\Database\BaseConnection->query('SELECT *
FROM `baca_in`', [], false)
 3 SYSTEMPATH\Model.php(222): CodeIgniter\Database\BaseBuilder->get()
 4 SYSTEMPATH\BaseModel.php(584): CodeIgniter\Model->doFindAll(0, 0)
 5 APPPATH\Models\ArtikelModel.php(18): CodeIgniter\BaseModel->findAll()
 6 APPPATH\Controllers\Artikel.php(12): App\Models\ArtikelModel->getArtikel(false)
 7 SYSTEMPATH\CodeIgniter.php(896): App\Controllers\Artikel->index()
 8 SYSTEMPATH\CodeIgniter.php(466): CodeIgniter\CodeIgniter->runController(Object(App\Controllers\Artikel))
 9 SYSTEMPATH\CodeIgniter.php(349): CodeIgniter\CodeIgniter->handleRequest(null, Object(Config\Cache), false)
10 FCPATH\index.php(55): CodeIgniter\CodeIgniter->run()
11 SYSTEMPATH\Commands\Server\rewrite.php(43): require_once('FCPATH\\index.php')
ERROR - 2023-02-04 01:53:50 --> Error connecting to the database: Unknown database 'baca_id'
CRITICAL - 2023-02-04 01:53:50 --> Unable to connect to the database.
Main connection [MySQLi]: Unknown database 'baca_id'
in SYSTEMPATH\Database\BaseConnection.php on line 416.
 1 SYSTEMPATH\Database\BaseConnection.php(586): CodeIgniter\Database\BaseConnection->initialize()
 2 SYSTEMPATH\Database\BaseBuilder.php(1585): CodeIgniter\Database\BaseConnection->query('SELECT *
FROM `baca_in`', [], false)
 3 SYSTEMPATH\Model.php(222): CodeIgniter\Database\BaseBuilder->get()
 4 SYSTEMPATH\BaseModel.php(584): CodeIgniter\Model->doFindAll(0, 0)
 5 APPPATH\Models\ArtikelModel.php(18): CodeIgniter\BaseModel->findAll()
 6 APPPATH\Controllers\Artikel.php(12): App\Models\ArtikelModel->getArtikel(false)
 7 SYSTEMPATH\CodeIgniter.php(896): App\Controllers\Artikel->index()
 8 SYSTEMPATH\CodeIgniter.php(466): CodeIgniter\CodeIgniter->runController(Object(App\Controllers\Artikel))
 9 SYSTEMPATH\CodeIgniter.php(349): CodeIgniter\CodeIgniter->handleRequest(null, Object(Config\Cache), false)
10 FCPATH\index.php(55): CodeIgniter\CodeIgniter->run()
11 SYSTEMPATH\Commands\Server\rewrite.php(43): require_once('FCPATH\\index.php')
ERROR - 2023-02-04 01:54:46 --> Table 'baca_in.baca_in' doesn't exist
CRITICAL - 2023-02-04 01:54:46 --> Table 'baca_in.baca_in' doesn't exist
in SYSTEMPATH\Database\MySQLi\Connection.php on line 292.
 1 SYSTEMPATH\Database\MySQLi\Connection.php(292): mysqli->query('SELECT *
FROM `baca_in`', 0)
 2 SYSTEMPATH\Database\BaseConnection.php(695): CodeIgniter\Database\MySQLi\Connection->execute('SELECT *
FROM `baca_in`')
 3 SYSTEMPATH\Database\BaseConnection.php(609): CodeIgniter\Database\BaseConnection->simpleQuery('SELECT *
FROM `baca_in`')
 4 SYSTEMPATH\Database\BaseBuilder.php(1585): CodeIgniter\Database\BaseConnection->query('SELECT *
FROM `baca_in`', [], false)
 5 SYSTEMPATH\Model.php(222): CodeIgniter\Database\BaseBuilder->get()
 6 SYSTEMPATH\BaseModel.php(584): CodeIgniter\Model->doFindAll(0, 0)
 7 APPPATH\Models\ArtikelModel.php(18): CodeIgniter\BaseModel->findAll()
 8 APPPATH\Controllers\Artikel.php(12): App\Models\ArtikelModel->getArtikel(false)
 9 SYSTEMPATH\CodeIgniter.php(896): App\Controllers\Artikel->index()
10 SYSTEMPATH\CodeIgniter.php(466): CodeIgniter\CodeIgniter->runController(Object(App\Controllers\Artikel))
11 SYSTEMPATH\CodeIgniter.php(349): CodeIgniter\CodeIgniter->handleRequest(null, Object(Config\Cache), false)
12 FCPATH\index.php(55): CodeIgniter\CodeIgniter->run()
13 SYSTEMPATH\Commands\Server\rewrite.php(43): require_once('FCPATH\\index.php')
CRITICAL - 2023-02-04 01:56:13 --> Invalid file: artikel/index.php
in SYSTEMPATH\Exceptions\FrameworkException.php on line 33.
 1 SYSTEMPATH\View\View.php(201): CodeIgniter\Exceptions\FrameworkException::forInvalidFile('artikel/index.php')
 2 SYSTEMPATH\Common.php(1135): CodeIgniter\View\View->render('artikel/index', [], true)
 3 APPPATH\Controllers\Artikel.php(13): view('artikel/index', [...])
 4 SYSTEMPATH\CodeIgniter.php(896): App\Controllers\Artikel->index()
 5 SYSTEMPATH\CodeIgniter.php(466): CodeIgniter\CodeIgniter->runController(Object(App\Controllers\Artikel))
 6 SYSTEMPATH\CodeIgniter.php(349): CodeIgniter\CodeIgniter->handleRequest(null, Object(Config\Cache), false)
 7 FCPATH\index.php(55): CodeIgniter\CodeIgniter->run()
 8 SYSTEMPATH\Commands\Server\rewrite.php(43): require_once('FCPATH\\index.php')
CRITICAL - 2023-02-04 02:30:51 --> Invalid file: artikel/tambah.php
in SYSTEMPATH\Exceptions\FrameworkException.php on line 33.
 1 SYSTEMPATH\View\View.php(201): CodeIgniter\Exceptions\FrameworkException::forInvalidFile('artikel/tambah.php')
 2 SYSTEMPATH\Common.php(1135): CodeIgniter\View\View->render('artikel/tambah', [], true)
 3 APPPATH\Controllers\Artikel.php(29): view('artikel/tambah', [...])
 4 SYSTEMPATH\CodeIgniter.php(896): App\Controllers\Artikel->tambah()
 5 SYSTEMPATH\CodeIgniter.php(466): CodeIgniter\CodeIgniter->runController(Object(App\Controllers\Artikel))
 6 SYSTEMPATH\CodeIgniter.php(349): CodeIgniter\CodeIgniter->handleRequest(null, Object(Config\Cache), false)
 7 FCPATH\index.php(55): CodeIgniter\CodeIgniter->run()
 8 SYSTEMPATH\Commands\Server\rewrite.php(43): require_once('FCPATH\\index.php')
CRITICAL - 2023-02-04 02:31:21 --> Invalid file: artikel/tambah.php
in SYSTEMPATH\Exceptions\FrameworkException.php on line 33.
 1 SYSTEMPATH\View\View.php(201): CodeIgniter\Exceptions\FrameworkException::forInvalidFile('artikel/tambah.php')
 2 SYSTEMPATH\Common.php(1135): CodeIgniter\View\View->render('artikel/tambah', [], true)
 3 APPPATH\Controllers\Artikel.php(29): view('artikel/tambah', [...])
 4 SYSTEMPATH\CodeIgniter.php(896): App\Controllers\Artikel->tambah()
 5 SYSTEMPATH\CodeIgniter.php(466): CodeIgniter\CodeIgniter->runController(Object(App\Controllers\Artikel))
 6 SYSTEMPATH\CodeIgniter.php(349): CodeIgniter\CodeIgniter->handleRequest(null, Object(Config\Cache), false)
 7 FCPATH\index.php(55): CodeIgniter\CodeIgniter->run()
 8 SYSTEMPATH\Commands\Server\rewrite.php(43): require_once('FCPATH\\index.php')
CRITICAL - 2023-02-04 02:31:43 --> Invalid file: artikel/tambah.php
in SYSTEMPATH\Exceptions\FrameworkException.php on line 33.
 1 SYSTEMPATH\View\View.php(201): CodeIgniter\Exceptions\FrameworkException::forInvalidFile('artikel/tambah.php')
 2 SYSTEMPATH\Common.php(1135): CodeIgniter\View\View->render('artikel/tambah', [], true)
 3 APPPATH\Controllers\Artikel.php(29): view('artikel/tambah', [...])
 4 SYSTEMPATH\CodeIgniter.php(896): App\Controllers\Artikel->tambah()
 5 SYSTEMPATH\CodeIgniter.php(466): CodeIgniter\CodeIgniter->runController(Object(App\Controllers\Artikel))
 6 SYSTEMPATH\CodeIgniter.php(349): CodeIgniter\CodeIgniter->handleRequest(null, Object(Config\Cache), false)
 7 FCPATH\index.php(55): CodeIgniter\CodeIgniter->run()
 8 SYSTEMPATH\Commands\Server\rewrite.php(43): require_once('FCPATH\\index.php')
CRITICAL - 2023-02-04 02:33:37 --> Invalid file: artikel/index.php
in SYSTEMPATH\Exceptions\FrameworkException.php on line 33.
 1 SYSTEMPATH\View\View.php(201): CodeIgniter\Exceptions\FrameworkException::forInvalidFile('artikel/index.php')
 2 SYSTEMPATH\Common.php(1135): CodeIgniter\View\View->render('artikel/index', [], true)
 3 APPPATH\Controllers\Artikel.php(14): view('artikel/index', [...])
 4 SYSTEMPATH\CodeIgniter.php(896): App\Controllers\Artikel->index()
 5 SYSTEMPATH\CodeIgniter.php(466): CodeIgniter\CodeIgniter->runController(Object(App\Controllers\Artikel))
 6 SYSTEMPATH\CodeIgniter.php(349): CodeIgniter\CodeIgniter->handleRequest(null, Object(Config\Cache), false)
 7 FCPATH\index.php(55): CodeIgniter\CodeIgniter->run()
 8 SYSTEMPATH\Commands\Server\rewrite.php(43): require_once('FCPATH\\index.php')
CRITICAL - 2023-02-04 02:33:45 --> Invalid file: artikel/index.php
in SYSTEMPATH\Exceptions\FrameworkException.php on line 33.
 1 SYSTEMPATH\View\View.php(201): CodeIgniter\Exceptions\FrameworkException::forInvalidFile('artikel/index.php')
 2 SYSTEMPATH\Common.php(1135): CodeIgniter\View\View->render('artikel/index', [], true)
 3 APPPATH\Controllers\Artikel.php(14): view('artikel/index', [...])
 4 SYSTEMPATH\CodeIgniter.php(896): App\Controllers\Artikel->index()
 5 SYSTEMPATH\CodeIgniter.php(466): CodeIgniter\CodeIgniter->runController(Object(App\Controllers\Artikel))
 6 SYSTEMPATH\CodeIgniter.php(349): CodeIgniter\CodeIgniter->handleRequest(null, Object(Config\Cache), false)
 7 FCPATH\index.php(55): CodeIgniter\CodeIgniter->run()
 8 SYSTEMPATH\Commands\Server\rewrite.php(43): require_once('FCPATH\\index.php')
CRITICAL - 2023-02-04 02:38:09 --> Invalid file: artikel/tambah.php
in SYSTEMPATH\Exceptions\FrameworkException.php on line 33.
 1 SYSTEMPATH\View\View.php(201): CodeIgniter\Exceptions\FrameworkException::forInvalidFile('artikel/tambah.php')
 2 SYSTEMPATH\Common.php(1135): CodeIgniter\View\View->render('artikel/tambah', [], true)
 3 APPPATH\Controllers\Artikel.php(29): view('artikel/tambah', [...])
 4 SYSTEMPATH\CodeIgniter.php(896): App\Controllers\Artikel->tambah()
 5 SYSTEMPATH\CodeIgniter.php(466): CodeIgniter\CodeIgniter->runController(Object(App\Controllers\Artikel))
 6 SYSTEMPATH\CodeIgniter.php(349): CodeIgniter\CodeIgniter->handleRequest(null, Object(Config\Cache), false)
 7 FCPATH\index.php(55): CodeIgniter\CodeIgniter->run()
 8 SYSTEMPATH\Commands\Server\rewrite.php(43): require_once('FCPATH\\index.php')
CRITICAL - 2023-02-04 02:46:59 --> Call to a member function move() on null
in APPPATH\Controllers\Artikel.php on line 35.
 1 SYSTEMPATH\CodeIgniter.php(896): App\Controllers\Artikel->simpan()
 2 SYSTEMPATH\CodeIgniter.php(466): CodeIgniter\CodeIgniter->runController(Object(App\Controllers\Artikel))
 3 SYSTEMPATH\CodeIgniter.php(349): CodeIgniter\CodeIgniter->handleRequest(null, Object(Config\Cache), false)
 4 FCPATH\index.php(55): CodeIgniter\CodeIgniter->run()
 5 SYSTEMPATH\Commands\Server\rewrite.php(43): require_once('FCPATH\\index.php')
CRITICAL - 2023-02-04 02:48:05 --> Call to a member function getName() on null
in APPPATH\Controllers\Artikel.php on line 35.
 1 SYSTEMPATH\CodeIgniter.php(896): App\Controllers\Artikel->simpan()
 2 SYSTEMPATH\CodeIgniter.php(466): CodeIgniter\CodeIgniter->runController(Object(App\Controllers\Artikel))
 3 SYSTEMPATH\CodeIgniter.php(349): CodeIgniter\CodeIgniter->handleRequest(null, Object(Config\Cache), false)
 4 FCPATH\index.php(55): CodeIgniter\CodeIgniter->run()
 5 SYSTEMPATH\Commands\Server\rewrite.php(43): require_once('FCPATH\\index.php')
CRITICAL - 2023-02-04 02:49:53 --> Call to a member function getName() on null
in APPPATH\Controllers\Artikel.php on line 35.
 1 SYSTEMPATH\CodeIgniter.php(896): App\Controllers\Artikel->simpan()
 2 SYSTEMPATH\CodeIgniter.php(466): CodeIgniter\CodeIgniter->runController(Object(App\Controllers\Artikel))
 3 SYSTEMPATH\CodeIgniter.php(349): CodeIgniter\CodeIgniter->handleRequest(null, Object(Config\Cache), false)
 4 FCPATH\index.php(55): CodeIgniter\CodeIgniter->run()
 5 SYSTEMPATH\Commands\Server\rewrite.php(43): require_once('FCPATH\\index.php')
CRITICAL - 2023-02-04 02:49:57 --> Call to a member function getName() on null
in APPPATH\Controllers\Artikel.php on line 35.
 1 SYSTEMPATH\CodeIgniter.php(896): App\Controllers\Artikel->simpan()
 2 SYSTEMPATH\CodeIgniter.php(466): CodeIgniter\CodeIgniter->runController(Object(App\Controllers\Artikel))
 3 SYSTEMPATH\CodeIgniter.php(349): CodeIgniter\CodeIgniter->handleRequest(null, Object(Config\Cache), false)
 4 FCPATH\index.php(55): CodeIgniter\CodeIgniter->run()
 5 SYSTEMPATH\Commands\Server\rewrite.php(43): require_once('FCPATH\\index.php')
CRITICAL - 2023-02-04 03:08:08 --> Call to undefined method App\Models\KategoriModel::getArtikel
in SYSTEMPATH\Model.php on line 773.
 1 APPPATH\Controllers\Artikel.php(52): CodeIgniter\Model->__call('getArtikel', [...])
 2 SYSTEMPATH\CodeIgniter.php(896): App\Controllers\Artikel->simpan()
 3 SYSTEMPATH\CodeIgniter.php(466): CodeIgniter\CodeIgniter->runController(Object(App\Controllers\Artikel))
 4 SYSTEMPATH\CodeIgniter.php(349): CodeIgniter\CodeIgniter->handleRequest(null, Object(Config\Cache), false)
 5 FCPATH\index.php(55): CodeIgniter\CodeIgniter->run()
 6 SYSTEMPATH\Commands\Server\rewrite.php(43): require_once('FCPATH\\index.php')
CRITICAL - 2023-02-04 03:09:33 --> Call to a member function get() on array
in APPPATH\Controllers\Artikel.php on line 52.
 1 SYSTEMPATH\CodeIgniter.php(896): App\Controllers\Artikel->simpan()
 2 SYSTEMPATH\CodeIgniter.php(466): CodeIgniter\CodeIgniter->runController(Object(App\Controllers\Artikel))
 3 SYSTEMPATH\CodeIgniter.php(349): CodeIgniter\CodeIgniter->handleRequest(null, Object(Config\Cache), false)
 4 FCPATH\index.php(55): CodeIgniter\CodeIgniter->run()
 5 SYSTEMPATH\Commands\Server\rewrite.php(43): require_once('FCPATH\\index.php')
CRITICAL - 2023-02-04 03:09:46 --> Call to a member function get() on array
in APPPATH\Controllers\Artikel.php on line 52.
 1 SYSTEMPATH\CodeIgniter.php(896): App\Controllers\Artikel->simpan()
 2 SYSTEMPATH\CodeIgniter.php(466): CodeIgniter\CodeIgniter->runController(Object(App\Controllers\Artikel))
 3 SYSTEMPATH\CodeIgniter.php(349): CodeIgniter\CodeIgniter->handleRequest(null, Object(Config\Cache), false)
 4 FCPATH\index.php(55): CodeIgniter\CodeIgniter->run()
 5 SYSTEMPATH\Commands\Server\rewrite.php(43): require_once('FCPATH\\index.php')
CRITICAL - 2023-02-04 03:09:57 --> Call to a member function get() on array
in APPPATH\Controllers\Artikel.php on line 53.
 1 SYSTEMPATH\CodeIgniter.php(896): App\Controllers\Artikel->simpan()
 2 SYSTEMPATH\CodeIgniter.php(466): CodeIgniter\CodeIgniter->runController(Object(App\Controllers\Artikel))
 3 SYSTEMPATH\CodeIgniter.php(349): CodeIgniter\CodeIgniter->handleRequest(null, Object(Config\Cache), false)
 4 FCPATH\index.php(55): CodeIgniter\CodeIgniter->run()
 5 SYSTEMPATH\Commands\Server\rewrite.php(43): require_once('FCPATH\\index.php')
CRITICAL - 2023-02-04 03:12:18 --> Undefined index: id
in APPPATH\Controllers\Artikel.php on line 52.
 1 APPPATH\Controllers\Artikel.php(52): CodeIgniter\Debug\Exceptions->errorHandler(8, 'Undefined index: id', 'APPPATH\\Controllers\\Artikel.php', 52, [...])
 2 SYSTEMPATH\CodeIgniter.php(896): App\Controllers\Artikel->simpan()
 3 SYSTEMPATH\CodeIgniter.php(466): CodeIgniter\CodeIgniter->runController(Object(App\Controllers\Artikel))
 4 SYSTEMPATH\CodeIgniter.php(349): CodeIgniter\CodeIgniter->handleRequest(null, Object(Config\Cache), false)
 5 FCPATH\index.php(55): CodeIgniter\CodeIgniter->run()
 6 SYSTEMPATH\Commands\Server\rewrite.php(43): require_once('FCPATH\\index.php')
CRITICAL - 2023-02-04 03:12:34 --> Call to a member function get() on array
in APPPATH\Controllers\Artikel.php on line 53.
 1 SYSTEMPATH\CodeIgniter.php(896): App\Controllers\Artikel->simpan()
 2 SYSTEMPATH\CodeIgniter.php(466): CodeIgniter\CodeIgniter->runController(Object(App\Controllers\Artikel))
 3 SYSTEMPATH\CodeIgniter.php(349): CodeIgniter\CodeIgniter->handleRequest(null, Object(Config\Cache), false)
 4 FCPATH\index.php(55): CodeIgniter\CodeIgniter->run()
 5 SYSTEMPATH\Commands\Server\rewrite.php(43): require_once('FCPATH\\index.php')
CRITICAL - 2023-02-04 03:38:21 --> Call to undefined method App\Models\KategoriModel::getArtikel
in SYSTEMPATH\Model.php on line 773.
 1 APPPATH\Controllers\Artikel.php(23): CodeIgniter\Model->__call('getArtikel', [])
 2 SYSTEMPATH\CodeIgniter.php(896): App\Controllers\Artikel->index()
 3 SYSTEMPATH\CodeIgniter.php(466): CodeIgniter\CodeIgniter->runController(Object(App\Controllers\Artikel))
 4 SYSTEMPATH\CodeIgniter.php(349): CodeIgniter\CodeIgniter->handleRequest(null, Object(Config\Cache), false)
 5 FCPATH\index.php(55): CodeIgniter\CodeIgniter->run()
 6 SYSTEMPATH\Commands\Server\rewrite.php(43): require_once('FCPATH\\index.php')
CRITICAL - 2023-02-04 03:38:43 --> Undefined index: nama_kategori
in APPPATH\Views\Artikel\index.php on line 26.
 1 APPPATH\Views\Artikel\index.php(26): CodeIgniter\Debug\Exceptions->errorHandler(8, 'Undefined index: nama_kategori', 'APPPATH\\Views\\Artikel\\index.php', 26, [...])
 2 SYSTEMPATH\View\View.php(213): include('APPPATH\\Views\\Artikel\\index.php')
 3 SYSTEMPATH\View\View.php(216): CodeIgniter\View\View->CodeIgniter\View\{closure}()
 4 SYSTEMPATH\Common.php(1135): CodeIgniter\View\View->render('artikel/index', [], true)
 5 APPPATH\Controllers\Artikel.php(25): view('artikel/index', [...])
 6 SYSTEMPATH\CodeIgniter.php(896): App\Controllers\Artikel->index()
 7 SYSTEMPATH\CodeIgniter.php(466): CodeIgniter\CodeIgniter->runController(Object(App\Controllers\Artikel))
 8 SYSTEMPATH\CodeIgniter.php(349): CodeIgniter\CodeIgniter->handleRequest(null, Object(Config\Cache), false)
 9 FCPATH\index.php(55): CodeIgniter\CodeIgniter->run()
10 SYSTEMPATH\Commands\Server\rewrite.php(43): require_once('FCPATH\\index.php')
CRITICAL - 2023-02-04 03:39:26 --> Call to a member function where() on array
in APPPATH\Views\Artikel\index.php on line 26.
 1 SYSTEMPATH\View\View.php(213): include()
 2 SYSTEMPATH\View\View.php(216): CodeIgniter\View\View->CodeIgniter\View\{closure}()
 3 SYSTEMPATH\Common.php(1135): CodeIgniter\View\View->render('artikel/index', [], true)
 4 APPPATH\Controllers\Artikel.php(25): view('artikel/index', [...])
 5 SYSTEMPATH\CodeIgniter.php(896): App\Controllers\Artikel->index()
 6 SYSTEMPATH\CodeIgniter.php(466): CodeIgniter\CodeIgniter->runController(Object(App\Controllers\Artikel))
 7 SYSTEMPATH\CodeIgniter.php(349): CodeIgniter\CodeIgniter->handleRequest(null, Object(Config\Cache), false)
 8 FCPATH\index.php(55): CodeIgniter\CodeIgniter->run()
 9 SYSTEMPATH\Commands\Server\rewrite.php(43): require_once('FCPATH\\index.php')
CRITICAL - 2023-02-04 03:41:09 --> Call to a member function get() on array
in APPPATH\Controllers\Artikel.php on line 23.
 1 SYSTEMPATH\CodeIgniter.php(896): App\Controllers\Artikel->index()
 2 SYSTEMPATH\CodeIgniter.php(466): CodeIgniter\CodeIgniter->runController(Object(App\Controllers\Artikel))
 3 SYSTEMPATH\CodeIgniter.php(349): CodeIgniter\CodeIgniter->handleRequest(null, Object(Config\Cache), false)
 4 FCPATH\index.php(55): CodeIgniter\CodeIgniter->run()
 5 SYSTEMPATH\Commands\Server\rewrite.php(43): require_once('FCPATH\\index.php')
CRITICAL - 2023-02-04 03:41:25 --> Call to a member function get() on array
in APPPATH\Controllers\Artikel.php on line 23.
 1 SYSTEMPATH\CodeIgniter.php(896): App\Controllers\Artikel->index()
 2 SYSTEMPATH\CodeIgniter.php(466): CodeIgniter\CodeIgniter->runController(Object(App\Controllers\Artikel))
 3 SYSTEMPATH\CodeIgniter.php(349): CodeIgniter\CodeIgniter->handleRequest(null, Object(Config\Cache), false)
 4 FCPATH\index.php(55): CodeIgniter\CodeIgniter->run()
 5 SYSTEMPATH\Commands\Server\rewrite.php(43): require_once('FCPATH\\index.php')
CRITICAL - 2023-02-04 03:41:30 --> Call to a member function get() on array
in APPPATH\Controllers\Artikel.php on line 23.
 1 SYSTEMPATH\CodeIgniter.php(896): App\Controllers\Artikel->index()
 2 SYSTEMPATH\CodeIgniter.php(466): CodeIgniter\CodeIgniter->runController(Object(App\Controllers\Artikel))
 3 SYSTEMPATH\CodeIgniter.php(349): CodeIgniter\CodeIgniter->handleRequest(null, Object(Config\Cache), false)
 4 FCPATH\index.php(55): CodeIgniter\CodeIgniter->run()
 5 SYSTEMPATH\Commands\Server\rewrite.php(43): require_once('FCPATH\\index.php')
CRITICAL - 2023-02-04 05:00:26 --> Undefined variable: kategori
in APPPATH\Views\Artikel\index.php on line 26.
 1 APPPATH\Views\Artikel\index.php(26): CodeIgniter\Debug\Exceptions->errorHandler(8, 'Undefined variable: kategori', 'APPPATH\\Views\\Artikel\\index.php', 26, [...])
 2 SYSTEMPATH\View\View.php(213): include('APPPATH\\Views\\Artikel\\index.php')
 3 SYSTEMPATH\View\View.php(216): CodeIgniter\View\View->CodeIgniter\View\{closure}()
 4 SYSTEMPATH\Common.php(1135): CodeIgniter\View\View->render('artikel/index', [], true)
 5 APPPATH\Controllers\Artikel.php(24): view('artikel/index', [...])
 6 SYSTEMPATH\CodeIgniter.php(896): App\Controllers\Artikel->index()
 7 SYSTEMPATH\CodeIgniter.php(466): CodeIgniter\CodeIgniter->runController(Object(App\Controllers\Artikel))
 8 SYSTEMPATH\CodeIgniter.php(349): CodeIgniter\CodeIgniter->handleRequest(null, Object(Config\Cache), false)
 9 FCPATH\index.php(55): CodeIgniter\CodeIgniter->run()
10 SYSTEMPATH\Commands\Server\rewrite.php(43): require_once('FCPATH\\index.php')
CRITICAL - 2023-02-04 05:01:52 --> Undefined variable: kategori
in APPPATH\Views\Artikel\index.php on line 26.
 1 APPPATH\Views\Artikel\index.php(26): CodeIgniter\Debug\Exceptions->errorHandler(8, 'Undefined variable: kategori', 'APPPATH\\Views\\Artikel\\index.php', 26, [...])
 2 SYSTEMPATH\View\View.php(213): include('APPPATH\\Views\\Artikel\\index.php')
 3 SYSTEMPATH\View\View.php(216): CodeIgniter\View\View->CodeIgniter\View\{closure}()
 4 SYSTEMPATH\Common.php(1135): CodeIgniter\View\View->render('artikel/index', [], true)
 5 APPPATH\Controllers\Artikel.php(24): view('artikel/index', [...])
 6 SYSTEMPATH\CodeIgniter.php(896): App\Controllers\Artikel->index()
 7 SYSTEMPATH\CodeIgniter.php(466): CodeIgniter\CodeIgniter->runController(Object(App\Controllers\Artikel))
 8 SYSTEMPATH\CodeIgniter.php(349): CodeIgniter\CodeIgniter->handleRequest(null, Object(Config\Cache), false)
 9 FCPATH\index.php(55): CodeIgniter\CodeIgniter->run()
10 SYSTEMPATH\Commands\Server\rewrite.php(43): require_once('FCPATH\\index.php')
CRITICAL - 2023-02-04 05:01:55 --> Undefined variable: kategori
in APPPATH\Views\Artikel\index.php on line 26.
 1 APPPATH\Views\Artikel\index.php(26): CodeIgniter\Debug\Exceptions->errorHandler(8, 'Undefined variable: kategori', 'APPPATH\\Views\\Artikel\\index.php', 26, [...])
 2 SYSTEMPATH\View\View.php(213): include('APPPATH\\Views\\Artikel\\index.php')
 3 SYSTEMPATH\View\View.php(216): CodeIgniter\View\View->CodeIgniter\View\{closure}()
 4 SYSTEMPATH\Common.php(1135): CodeIgniter\View\View->render('artikel/index', [], true)
 5 APPPATH\Controllers\Artikel.php(24): view('artikel/index', [...])
 6 SYSTEMPATH\CodeIgniter.php(896): App\Controllers\Artikel->index()
 7 SYSTEMPATH\CodeIgniter.php(466): CodeIgniter\CodeIgniter->runController(Object(App\Controllers\Artikel))
 8 SYSTEMPATH\CodeIgniter.php(349): CodeIgniter\CodeIgniter->handleRequest(null, Object(Config\Cache), false)
 9 FCPATH\index.php(55): CodeIgniter\CodeIgniter->run()
10 SYSTEMPATH\Commands\Server\rewrite.php(43): require_once('FCPATH\\index.php')
CRITICAL - 2023-02-04 05:03:37 --> Call to a member function where() on array
in APPPATH\Views\Artikel\index.php on line 26.
 1 SYSTEMPATH\View\View.php(213): include()
 2 SYSTEMPATH\View\View.php(216): CodeIgniter\View\View->CodeIgniter\View\{closure}()
 3 SYSTEMPATH\Common.php(1135): CodeIgniter\View\View->render('artikel/index', [], true)
 4 APPPATH\Controllers\Artikel.php(25): view('artikel/index', [...])
 5 SYSTEMPATH\CodeIgniter.php(896): App\Controllers\Artikel->index()
 6 SYSTEMPATH\CodeIgniter.php(466): CodeIgniter\CodeIgniter->runController(Object(App\Controllers\Artikel))
 7 SYSTEMPATH\CodeIgniter.php(349): CodeIgniter\CodeIgniter->handleRequest(null, Object(Config\Cache), false)
 8 FCPATH\index.php(55): CodeIgniter\CodeIgniter->run()
 9 SYSTEMPATH\Commands\Server\rewrite.php(43): require_once('FCPATH\\index.php')
CRITICAL - 2023-02-04 05:04:29 --> Call to a member function where() on array
in APPPATH\Views\Artikel\index.php on line 26.
 1 SYSTEMPATH\View\View.php(213): include()
 2 SYSTEMPATH\View\View.php(216): CodeIgniter\View\View->CodeIgniter\View\{closure}()
 3 SYSTEMPATH\Common.php(1135): CodeIgniter\View\View->render('artikel/index', [], true)
 4 APPPATH\Controllers\Artikel.php(25): view('artikel/index', [...])
 5 SYSTEMPATH\CodeIgniter.php(896): App\Controllers\Artikel->index()
 6 SYSTEMPATH\CodeIgniter.php(466): CodeIgniter\CodeIgniter->runController(Object(App\Controllers\Artikel))
 7 SYSTEMPATH\CodeIgniter.php(349): CodeIgniter\CodeIgniter->handleRequest(null, Object(Config\Cache), false)
 8 FCPATH\index.php(55): CodeIgniter\CodeIgniter->run()
 9 SYSTEMPATH\Commands\Server\rewrite.php(43): require_once('FCPATH\\index.php')
CRITICAL - 2023-02-04 05:04:33 --> Call to a member function where() on array
in APPPATH\Views\Artikel\index.php on line 26.
 1 SYSTEMPATH\View\View.php(213): include()
 2 SYSTEMPATH\View\View.php(216): CodeIgniter\View\View->CodeIgniter\View\{closure}()
 3 SYSTEMPATH\Common.php(1135): CodeIgniter\View\View->render('artikel/index', [], true)
 4 APPPATH\Controllers\Artikel.php(25): view('artikel/index', [...])
 5 SYSTEMPATH\CodeIgniter.php(896): App\Controllers\Artikel->index()
 6 SYSTEMPATH\CodeIgniter.php(466): CodeIgniter\CodeIgniter->runController(Object(App\Controllers\Artikel))
 7 SYSTEMPATH\CodeIgniter.php(349): CodeIgniter\CodeIgniter->handleRequest(null, Object(Config\Cache), false)
 8 FCPATH\index.php(55): CodeIgniter\CodeIgniter->run()
 9 SYSTEMPATH\Commands\Server\rewrite.php(43): require_once('FCPATH\\index.php')
CRITICAL - 2023-02-04 05:04:35 --> Call to a member function where() on array
in APPPATH\Views\Artikel\index.php on line 26.
 1 SYSTEMPATH\View\View.php(213): include()
 2 SYSTEMPATH\View\View.php(216): CodeIgniter\View\View->CodeIgniter\View\{closure}()
 3 SYSTEMPATH\Common.php(1135): CodeIgniter\View\View->render('artikel/index', [], true)
 4 APPPATH\Controllers\Artikel.php(25): view('artikel/index', [...])
 5 SYSTEMPATH\CodeIgniter.php(896): App\Controllers\Artikel->index()
 6 SYSTEMPATH\CodeIgniter.php(466): CodeIgniter\CodeIgniter->runController(Object(App\Controllers\Artikel))
 7 SYSTEMPATH\CodeIgniter.php(349): CodeIgniter\CodeIgniter->handleRequest(null, Object(Config\Cache), false)
 8 FCPATH\index.php(55): CodeIgniter\CodeIgniter->run()
 9 SYSTEMPATH\Commands\Server\rewrite.php(43): require_once('FCPATH\\index.php')
CRITICAL - 2023-02-04 05:05:27 --> Call to a member function get() on array
in APPPATH\Controllers\Artikel.php on line 23.
 1 SYSTEMPATH\CodeIgniter.php(896): App\Controllers\Artikel->index()
 2 SYSTEMPATH\CodeIgniter.php(466): CodeIgniter\CodeIgniter->runController(Object(App\Controllers\Artikel))
 3 SYSTEMPATH\CodeIgniter.php(349): CodeIgniter\CodeIgniter->handleRequest(null, Object(Config\Cache), false)
 4 FCPATH\index.php(55): CodeIgniter\CodeIgniter->run()
 5 SYSTEMPATH\Commands\Server\rewrite.php(43): require_once('FCPATH\\index.php')
CRITICAL - 2023-02-04 05:07:05 --> Undefined variable: kategori
in APPPATH\Views\Artikel\index.php on line 26.
 1 APPPATH\Views\Artikel\index.php(26): CodeIgniter\Debug\Exceptions->errorHandler(8, 'Undefined variable: kategori', 'APPPATH\\Views\\Artikel\\index.php', 26, [...])
 2 SYSTEMPATH\View\View.php(213): include('APPPATH\\Views\\Artikel\\index.php')
 3 SYSTEMPATH\View\View.php(216): CodeIgniter\View\View->CodeIgniter\View\{closure}()
 4 SYSTEMPATH\Common.php(1135): CodeIgniter\View\View->render('artikel/index', [], true)
 5 APPPATH\Controllers\Artikel.php(24): view('artikel/index', [...])
 6 SYSTEMPATH\CodeIgniter.php(896): App\Controllers\Artikel->index()
 7 SYSTEMPATH\CodeIgniter.php(466): CodeIgniter\CodeIgniter->runController(Object(App\Controllers\Artikel))
 8 SYSTEMPATH\CodeIgniter.php(349): CodeIgniter\CodeIgniter->handleRequest(null, Object(Config\Cache), false)
 9 FCPATH\index.php(55): CodeIgniter\CodeIgniter->run()
10 SYSTEMPATH\Commands\Server\rewrite.php(43): require_once('FCPATH\\index.php')
CRITICAL - 2023-02-04 05:07:34 --> Undefined property: CodeIgniter\View\View::$kategori
in APPPATH\Views\Artikel\index.php on line 26.
 1 APPPATH\Views\Artikel\index.php(26): CodeIgniter\Debug\Exceptions->errorHandler(8, 'Undefined property: CodeIgniter\\View\\View::$kategori', 'APPPATH\\Views\\Artikel\\index.php', 26, [...])
 2 SYSTEMPATH\View\View.php(213): include('APPPATH\\Views\\Artikel\\index.php')
 3 SYSTEMPATH\View\View.php(216): CodeIgniter\View\View->CodeIgniter\View\{closure}()
 4 SYSTEMPATH\Common.php(1135): CodeIgniter\View\View->render('artikel/index', [], true)
 5 APPPATH\Controllers\Artikel.php(24): view('artikel/index', [...])
 6 SYSTEMPATH\CodeIgniter.php(896): App\Controllers\Artikel->index()
 7 SYSTEMPATH\CodeIgniter.php(466): CodeIgniter\CodeIgniter->runController(Object(App\Controllers\Artikel))
 8 SYSTEMPATH\CodeIgniter.php(349): CodeIgniter\CodeIgniter->handleRequest(null, Object(Config\Cache), false)
 9 FCPATH\index.php(55): CodeIgniter\CodeIgniter->run()
10 SYSTEMPATH\Commands\Server\rewrite.php(43): require_once('FCPATH\\index.php')
CRITICAL - 2023-02-04 05:08:48 --> Undefined property: CodeIgniter\View\View::$kategori
in APPPATH\Views\Artikel\index.php on line 26.
 1 APPPATH\Views\Artikel\index.php(26): CodeIgniter\Debug\Exceptions->errorHandler(8, 'Undefined property: CodeIgniter\\View\\View::$kategori', 'APPPATH\\Views\\Artikel\\index.php', 26, [...])
 2 SYSTEMPATH\View\View.php(213): include('APPPATH\\Views\\Artikel\\index.php')
 3 SYSTEMPATH\View\View.php(216): CodeIgniter\View\View->CodeIgniter\View\{closure}()
 4 SYSTEMPATH\Common.php(1135): CodeIgniter\View\View->render('artikel/index', [], true)
 5 APPPATH\Controllers\Artikel.php(24): view('artikel/index', [...])
 6 SYSTEMPATH\CodeIgniter.php(896): App\Controllers\Artikel->index()
 7 SYSTEMPATH\CodeIgniter.php(466): CodeIgniter\CodeIgniter->runController(Object(App\Controllers\Artikel))
 8 SYSTEMPATH\CodeIgniter.php(349): CodeIgniter\CodeIgniter->handleRequest(null, Object(Config\Cache), false)
 9 FCPATH\index.php(55): CodeIgniter\CodeIgniter->run()
10 SYSTEMPATH\Commands\Server\rewrite.php(43): require_once('FCPATH\\index.php')
CRITICAL - 2023-02-04 05:08:58 --> syntax error, unexpected '<'
in APPPATH\Views\Artikel\index.php on line 26.
 1 SYSTEMPATH\View\View.php(216): CodeIgniter\View\View->CodeIgniter\View\{closure}()
 2 SYSTEMPATH\Common.php(1135): CodeIgniter\View\View->render('artikel/index', [], true)
 3 APPPATH\Controllers\Artikel.php(24): view('artikel/index', [...])
 4 SYSTEMPATH\CodeIgniter.php(896): App\Controllers\Artikel->index()
 5 SYSTEMPATH\CodeIgniter.php(466): CodeIgniter\CodeIgniter->runController(Object(App\Controllers\Artikel))
 6 SYSTEMPATH\CodeIgniter.php(349): CodeIgniter\CodeIgniter->handleRequest(null, Object(Config\Cache), false)
 7 FCPATH\index.php(55): CodeIgniter\CodeIgniter->run()
 8 SYSTEMPATH\Commands\Server\rewrite.php(43): require_once('FCPATH\\index.php')
CRITICAL - 2023-02-04 05:09:15 --> Undefined property: CodeIgniter\View\View::$builder1
in APPPATH\Views\Artikel\index.php on line 26.
 1 APPPATH\Views\Artikel\index.php(26): CodeIgniter\Debug\Exceptions->errorHandler(8, 'Undefined property: CodeIgniter\\View\\View::$builder1', 'APPPATH\\Views\\Artikel\\index.php', 26, [...])
 2 SYSTEMPATH\View\View.php(213): include('APPPATH\\Views\\Artikel\\index.php')
 3 SYSTEMPATH\View\View.php(216): CodeIgniter\View\View->CodeIgniter\View\{closure}()
 4 SYSTEMPATH\Common.php(1135): CodeIgniter\View\View->render('artikel/index', [], true)
 5 APPPATH\Controllers\Artikel.php(24): view('artikel/index', [...])
 6 SYSTEMPATH\CodeIgniter.php(896): App\Controllers\Artikel->index()
 7 SYSTEMPATH\CodeIgniter.php(466): CodeIgniter\CodeIgniter->runController(Object(App\Controllers\Artikel))
 8 SYSTEMPATH\CodeIgniter.php(349): CodeIgniter\CodeIgniter->handleRequest(null, Object(Config\Cache), false)
 9 FCPATH\index.php(55): CodeIgniter\CodeIgniter->run()
10 SYSTEMPATH\Commands\Server\rewrite.php(43): require_once('FCPATH\\index.php')
CRITICAL - 2023-02-04 05:09:51 --> Undefined variable: nama_kategori
in APPPATH\Views\Artikel\index.php on line 26.
 1 APPPATH\Views\Artikel\index.php(26): CodeIgniter\Debug\Exceptions->errorHandler(8, 'Undefined variable: nama_kategori', 'APPPATH\\Views\\Artikel\\index.php', 26, [...])
 2 SYSTEMPATH\View\View.php(213): include('APPPATH\\Views\\Artikel\\index.php')
 3 SYSTEMPATH\View\View.php(216): CodeIgniter\View\View->CodeIgniter\View\{closure}()
 4 SYSTEMPATH\Common.php(1135): CodeIgniter\View\View->render('artikel/index', [], true)
 5 APPPATH\Controllers\Artikel.php(25): view('artikel/index', [...])
 6 SYSTEMPATH\CodeIgniter.php(896): App\Controllers\Artikel->index()
 7 SYSTEMPATH\CodeIgniter.php(466): CodeIgniter\CodeIgniter->runController(Object(App\Controllers\Artikel))
 8 SYSTEMPATH\CodeIgniter.php(349): CodeIgniter\CodeIgniter->handleRequest(null, Object(Config\Cache), false)
 9 FCPATH\index.php(55): CodeIgniter\CodeIgniter->run()
10 SYSTEMPATH\Commands\Server\rewrite.php(43): require_once('FCPATH\\index.php')
CRITICAL - 2023-02-04 05:11:10 --> Object of class CodeIgniter\Database\MySQLi\Builder could not be converted to string
in APPPATH\Views\Artikel\index.php on line 26.
 1 SYSTEMPATH\View\View.php(213): include()
 2 SYSTEMPATH\View\View.php(216): CodeIgniter\View\View->CodeIgniter\View\{closure}()
 3 SYSTEMPATH\Common.php(1135): CodeIgniter\View\View->render('artikel/index', [], true)
 4 APPPATH\Controllers\Artikel.php(25): view('artikel/index', [...])
 5 SYSTEMPATH\CodeIgniter.php(896): App\Controllers\Artikel->index()
 6 SYSTEMPATH\CodeIgniter.php(466): CodeIgniter\CodeIgniter->runController(Object(App\Controllers\Artikel))
 7 SYSTEMPATH\CodeIgniter.php(349): CodeIgniter\CodeIgniter->handleRequest(null, Object(Config\Cache), false)
 8 FCPATH\index.php(55): CodeIgniter\CodeIgniter->run()
 9 SYSTEMPATH\Commands\Server\rewrite.php(43): require_once('FCPATH\\index.php')
CRITICAL - 2023-02-04 05:11:27 --> Undefined property: CodeIgniter\Database\MySQLi\Result::$getResultArray
in APPPATH\Views\Artikel\index.php on line 26.
 1 APPPATH\Views\Artikel\index.php(26): CodeIgniter\Debug\Exceptions->errorHandler(8, 'Undefined property: CodeIgniter\\Database\\MySQLi\\Result::$getResultArray', 'APPPATH\\Views\\Artikel\\index.php', 26, [...])
 2 SYSTEMPATH\View\View.php(213): include('APPPATH\\Views\\Artikel\\index.php')
 3 SYSTEMPATH\View\View.php(216): CodeIgniter\View\View->CodeIgniter\View\{closure}()
 4 SYSTEMPATH\Common.php(1135): CodeIgniter\View\View->render('artikel/index', [], true)
 5 APPPATH\Controllers\Artikel.php(25): view('artikel/index', [...])
 6 SYSTEMPATH\CodeIgniter.php(896): App\Controllers\Artikel->index()
 7 SYSTEMPATH\CodeIgniter.php(466): CodeIgniter\CodeIgniter->runController(Object(App\Controllers\Artikel))
 8 SYSTEMPATH\CodeIgniter.php(349): CodeIgniter\CodeIgniter->handleRequest(null, Object(Config\Cache), false)
 9 FCPATH\index.php(55): CodeIgniter\CodeIgniter->run()
10 SYSTEMPATH\Commands\Server\rewrite.php(43): require_once('FCPATH\\index.php')
CRITICAL - 2023-02-04 05:11:35 --> Array to string conversion
in APPPATH\Views\Artikel\index.php on line 26.
 1 APPPATH\Views\Artikel\index.php(26): CodeIgniter\Debug\Exceptions->errorHandler(8, 'Array to string conversion', 'APPPATH\\Views\\Artikel\\index.php', 26, [...])
 2 SYSTEMPATH\View\View.php(213): include('APPPATH\\Views\\Artikel\\index.php')
 3 SYSTEMPATH\View\View.php(216): CodeIgniter\View\View->CodeIgniter\View\{closure}()
 4 SYSTEMPATH\Common.php(1135): CodeIgniter\View\View->render('artikel/index', [], true)
 5 APPPATH\Controllers\Artikel.php(25): view('artikel/index', [...])
 6 SYSTEMPATH\CodeIgniter.php(896): App\Controllers\Artikel->index()
 7 SYSTEMPATH\CodeIgniter.php(466): CodeIgniter\CodeIgniter->runController(Object(App\Controllers\Artikel))
 8 SYSTEMPATH\CodeIgniter.php(349): CodeIgniter\CodeIgniter->handleRequest(null, Object(Config\Cache), false)
 9 FCPATH\index.php(55): CodeIgniter\CodeIgniter->run()
10 SYSTEMPATH\Commands\Server\rewrite.php(43): require_once('FCPATH\\index.php')
CRITICAL - 2023-02-04 05:11:55 --> Undefined index: nama_kategori
in APPPATH\Views\Artikel\index.php on line 26.
 1 APPPATH\Views\Artikel\index.php(26): CodeIgniter\Debug\Exceptions->errorHandler(8, 'Undefined index: nama_kategori', 'APPPATH\\Views\\Artikel\\index.php', 26, [...])
 2 SYSTEMPATH\View\View.php(213): include('APPPATH\\Views\\Artikel\\index.php')
 3 SYSTEMPATH\View\View.php(216): CodeIgniter\View\View->CodeIgniter\View\{closure}()
 4 SYSTEMPATH\Common.php(1135): CodeIgniter\View\View->render('artikel/index', [], true)
 5 APPPATH\Controllers\Artikel.php(25): view('artikel/index', [...])
 6 SYSTEMPATH\CodeIgniter.php(896): App\Controllers\Artikel->index()
 7 SYSTEMPATH\CodeIgniter.php(466): CodeIgniter\CodeIgniter->runController(Object(App\Controllers\Artikel))
 8 SYSTEMPATH\CodeIgniter.php(349): CodeIgniter\CodeIgniter->handleRequest(null, Object(Config\Cache), false)
 9 FCPATH\index.php(55): CodeIgniter\CodeIgniter->run()
10 SYSTEMPATH\Commands\Server\rewrite.php(43): require_once('FCPATH\\index.php')
CRITICAL - 2023-02-04 05:12:08 --> Undefined offset: 0
in APPPATH\Views\Artikel\index.php on line 26.
 1 APPPATH\Views\Artikel\index.php(26): CodeIgniter\Debug\Exceptions->errorHandler(8, 'Undefined offset: 0', 'APPPATH\\Views\\Artikel\\index.php', 26, [...])
 2 SYSTEMPATH\View\View.php(213): include('APPPATH\\Views\\Artikel\\index.php')
 3 SYSTEMPATH\View\View.php(216): CodeIgniter\View\View->CodeIgniter\View\{closure}()
 4 SYSTEMPATH\Common.php(1135): CodeIgniter\View\View->render('artikel/index', [], true)
 5 APPPATH\Controllers\Artikel.php(25): view('artikel/index', [...])
 6 SYSTEMPATH\CodeIgniter.php(896): App\Controllers\Artikel->index()
 7 SYSTEMPATH\CodeIgniter.php(466): CodeIgniter\CodeIgniter->runController(Object(App\Controllers\Artikel))
 8 SYSTEMPATH\CodeIgniter.php(349): CodeIgniter\CodeIgniter->handleRequest(null, Object(Config\Cache), false)
 9 FCPATH\index.php(55): CodeIgniter\CodeIgniter->run()
10 SYSTEMPATH\Commands\Server\rewrite.php(43): require_once('FCPATH\\index.php')
CRITICAL - 2023-02-04 05:15:16 --> Object of class CodeIgniter\Database\MySQLi\Result could not be converted to string
in APPPATH\Views\Artikel\index.php on line 29.
 1 SYSTEMPATH\View\View.php(213): include()
 2 SYSTEMPATH\View\View.php(216): CodeIgniter\View\View->CodeIgniter\View\{closure}()
 3 SYSTEMPATH\Common.php(1135): CodeIgniter\View\View->render('artikel/index', [], true)
 4 APPPATH\Controllers\Artikel.php(25): view('artikel/index', [...])
 5 SYSTEMPATH\CodeIgniter.php(896): App\Controllers\Artikel->index()
 6 SYSTEMPATH\CodeIgniter.php(466): CodeIgniter\CodeIgniter->runController(Object(App\Controllers\Artikel))
 7 SYSTEMPATH\CodeIgniter.php(349): CodeIgniter\CodeIgniter->handleRequest(null, Object(Config\Cache), false)
 8 FCPATH\index.php(55): CodeIgniter\CodeIgniter->run()
 9 SYSTEMPATH\Commands\Server\rewrite.php(43): require_once('FCPATH\\index.php')
CRITICAL - 2023-02-04 05:15:25 --> Call to undefined method CodeIgniter\Database\MySQLi\Result::where()
in APPPATH\Views\Artikel\index.php on line 27.
 1 SYSTEMPATH\View\View.php(213): include()
 2 SYSTEMPATH\View\View.php(216): CodeIgniter\View\View->CodeIgniter\View\{closure}()
 3 SYSTEMPATH\Common.php(1135): CodeIgniter\View\View->render('artikel/index', [], true)
 4 APPPATH\Controllers\Artikel.php(25): view('artikel/index', [...])
 5 SYSTEMPATH\CodeIgniter.php(896): App\Controllers\Artikel->index()
 6 SYSTEMPATH\CodeIgniter.php(466): CodeIgniter\CodeIgniter->runController(Object(App\Controllers\Artikel))
 7 SYSTEMPATH\CodeIgniter.php(349): CodeIgniter\CodeIgniter->handleRequest(null, Object(Config\Cache), false)
 8 FCPATH\index.php(55): CodeIgniter\CodeIgniter->run()
 9 SYSTEMPATH\Commands\Server\rewrite.php(43): require_once('FCPATH\\index.php')
CRITICAL - 2023-02-04 05:17:15 --> Call to undefined method CodeIgniter\Database\MySQLi\Result::where()
in APPPATH\Views\Artikel\index.php on line 28.
 1 SYSTEMPATH\View\View.php(213): include()
 2 SYSTEMPATH\View\View.php(216): CodeIgniter\View\View->CodeIgniter\View\{closure}()
 3 SYSTEMPATH\Common.php(1135): CodeIgniter\View\View->render('artikel/index', [], true)
 4 APPPATH\Controllers\Artikel.php(25): view('artikel/index', [...])
 5 SYSTEMPATH\CodeIgniter.php(896): App\Controllers\Artikel->index()
 6 SYSTEMPATH\CodeIgniter.php(466): CodeIgniter\CodeIgniter->runController(Object(App\Controllers\Artikel))
 7 SYSTEMPATH\CodeIgniter.php(349): CodeIgniter\CodeIgniter->handleRequest(null, Object(Config\Cache), false)
 8 FCPATH\index.php(55): CodeIgniter\CodeIgniter->run()
 9 SYSTEMPATH\Commands\Server\rewrite.php(43): require_once('FCPATH\\index.php')
CRITICAL - 2023-02-04 05:18:31 --> Argument 1 passed to CodeIgniter\Database\BaseBuilder::get() must be of the type int or null, string given, called in C:\xampp\htdocs\Cerita-in\app\Views\Artikel\index.php on line 27
in SYSTEMPATH\Database\BaseBuilder.php on line 1577.
 1 APPPATH\Views\Artikel\index.php(27): CodeIgniter\Database\BaseBuilder->get('nama_kategori')
 2 SYSTEMPATH\View\View.php(213): include('APPPATH\\Views\\Artikel\\index.php')
 3 SYSTEMPATH\View\View.php(216): CodeIgniter\View\View->CodeIgniter\View\{closure}()
 4 SYSTEMPATH\Common.php(1135): CodeIgniter\View\View->render('artikel/index', [], true)
 5 APPPATH\Controllers\Artikel.php(25): view('artikel/index', [...])
 6 SYSTEMPATH\CodeIgniter.php(896): App\Controllers\Artikel->index()
 7 SYSTEMPATH\CodeIgniter.php(466): CodeIgniter\CodeIgniter->runController(Object(App\Controllers\Artikel))
 8 SYSTEMPATH\CodeIgniter.php(349): CodeIgniter\CodeIgniter->handleRequest(null, Object(Config\Cache), false)
 9 FCPATH\index.php(55): CodeIgniter\CodeIgniter->run()
10 SYSTEMPATH\Commands\Server\rewrite.php(43): require_once('FCPATH\\index.php')
CRITICAL - 2023-02-04 05:19:11 --> Undefined index: nama_kategori
in APPPATH\Views\Artikel\index.php on line 27.
 1 APPPATH\Views\Artikel\index.php(27): CodeIgniter\Debug\Exceptions->errorHandler(8, 'Undefined index: nama_kategori', 'APPPATH\\Views\\Artikel\\index.php', 27, [...])
 2 SYSTEMPATH\View\View.php(213): include('APPPATH\\Views\\Artikel\\index.php')
 3 SYSTEMPATH\View\View.php(216): CodeIgniter\View\View->CodeIgniter\View\{closure}()
 4 SYSTEMPATH\Common.php(1135): CodeIgniter\View\View->render('artikel/index', [], true)
 5 APPPATH\Controllers\Artikel.php(25): view('artikel/index', [...])
 6 SYSTEMPATH\CodeIgniter.php(896): App\Controllers\Artikel->index()
 7 SYSTEMPATH\CodeIgniter.php(466): CodeIgniter\CodeIgniter->runController(Object(App\Controllers\Artikel))
 8 SYSTEMPATH\CodeIgniter.php(349): CodeIgniter\CodeIgniter->handleRequest(null, Object(Config\Cache), false)
 9 FCPATH\index.php(55): CodeIgniter\CodeIgniter->run()
10 SYSTEMPATH\Commands\Server\rewrite.php(43): require_once('FCPATH\\index.php')
CRITICAL - 2023-02-04 05:20:30 --> Undefined offset: 0
in APPPATH\Controllers\Artikel.php on line 62.
 1 APPPATH\Controllers\Artikel.php(62): CodeIgniter\Debug\Exceptions->errorHandler(8, 'Undefined offset: 0', 'APPPATH\\Controllers\\Artikel.php', 62, [...])
 2 SYSTEMPATH\CodeIgniter.php(896): App\Controllers\Artikel->simpan()
 3 SYSTEMPATH\CodeIgniter.php(466): CodeIgniter\CodeIgniter->runController(Object(App\Controllers\Artikel))
 4 SYSTEMPATH\CodeIgniter.php(349): CodeIgniter\CodeIgniter->handleRequest(null, Object(Config\Cache), false)
 5 FCPATH\index.php(55): CodeIgniter\CodeIgniter->run()
 6 SYSTEMPATH\Commands\Server\rewrite.php(43): require_once('FCPATH\\index.php')
CRITICAL - 2023-02-04 05:22:07 --> Undefined index: isi
in APPPATH\Views\Artikel\view.php on line 19.
 1 APPPATH\Views\Artikel\view.php(19): CodeIgniter\Debug\Exceptions->errorHandler(8, 'Undefined index: isi', 'APPPATH\\Views\\Artikel\\view.php', 19, [...])
 2 SYSTEMPATH\View\View.php(213): include('APPPATH\\Views\\Artikel\\view.php')
 3 SYSTEMPATH\View\View.php(216): CodeIgniter\View\View->CodeIgniter\View\{closure}()
 4 SYSTEMPATH\Common.php(1135): CodeIgniter\View\View->render('artikel/view', [], true)
 5 APPPATH\Controllers\Artikel.php(32): view('artikel/view', [...])
 6 SYSTEMPATH\CodeIgniter.php(896): App\Controllers\Artikel->view('2')
 7 SYSTEMPATH\CodeIgniter.php(466): CodeIgniter\CodeIgniter->runController(Object(App\Controllers\Artikel))
 8 SYSTEMPATH\CodeIgniter.php(349): CodeIgniter\CodeIgniter->handleRequest(null, Object(Config\Cache), false)
 9 FCPATH\index.php(55): CodeIgniter\CodeIgniter->run()
10 SYSTEMPATH\Commands\Server\rewrite.php(43): require_once('FCPATH\\index.php')
CRITICAL - 2023-02-04 05:34:06 --> Call to a member function where() on string
in APPPATH\Views\Artikel\index.php on line 27.
 1 SYSTEMPATH\View\View.php(213): include()
 2 SYSTEMPATH\View\View.php(216): CodeIgniter\View\View->CodeIgniter\View\{closure}()
 3 SYSTEMPATH\Common.php(1135): CodeIgniter\View\View->render('artikel/index', [], true)
 4 APPPATH\Controllers\Artikel.php(25): view('artikel/index', [...])
 5 SYSTEMPATH\CodeIgniter.php(896): App\Controllers\Artikel->index()
 6 SYSTEMPATH\CodeIgniter.php(466): CodeIgniter\CodeIgniter->runController(Object(App\Controllers\Artikel))
 7 SYSTEMPATH\CodeIgniter.php(349): CodeIgniter\CodeIgniter->handleRequest(null, Object(Config\Cache), false)
 8 FCPATH\index.php(55): CodeIgniter\CodeIgniter->run()
 9 SYSTEMPATH\Commands\Server\rewrite.php(43): require_once('FCPATH\\index.php')
CRITICAL - 2023-02-04 05:36:59 --> Call to a member function where() on string
in APPPATH\Views\Artikel\index.php on line 27.
 1 SYSTEMPATH\View\View.php(213): include()
 2 SYSTEMPATH\View\View.php(216): CodeIgniter\View\View->CodeIgniter\View\{closure}()
 3 SYSTEMPATH\Common.php(1135): CodeIgniter\View\View->render('artikel/index', [], true)
 4 APPPATH\Controllers\Artikel.php(26): view('artikel/index', [...])
 5 SYSTEMPATH\CodeIgniter.php(896): App\Controllers\Artikel->index()
 6 SYSTEMPATH\CodeIgniter.php(466): CodeIgniter\CodeIgniter->runController(Object(App\Controllers\Artikel))
 7 SYSTEMPATH\CodeIgniter.php(349): CodeIgniter\CodeIgniter->handleRequest(null, Object(Config\Cache), false)
 8 FCPATH\index.php(55): CodeIgniter\CodeIgniter->run()
 9 SYSTEMPATH\Commands\Server\rewrite.php(43): require_once('FCPATH\\index.php')
CRITICAL - 2023-02-04 05:38:51 --> Call to a member function where() on string
in APPPATH\Views\Artikel\index.php on line 28.
 1 SYSTEMPATH\View\View.php(213): include()
 2 SYSTEMPATH\View\View.php(216): CodeIgniter\View\View->CodeIgniter\View\{closure}()
 3 SYSTEMPATH\Common.php(1135): CodeIgniter\View\View->render('artikel/index', [], true)
 4 APPPATH\Controllers\Artikel.php(26): view('artikel/index', [...])
 5 SYSTEMPATH\CodeIgniter.php(896): App\Controllers\Artikel->index()
 6 SYSTEMPATH\CodeIgniter.php(466): CodeIgniter\CodeIgniter->runController(Object(App\Controllers\Artikel))
 7 SYSTEMPATH\CodeIgniter.php(349): CodeIgniter\CodeIgniter->handleRequest(null, Object(Config\Cache), false)
 8 FCPATH\index.php(55): CodeIgniter\CodeIgniter->run()
 9 SYSTEMPATH\Commands\Server\rewrite.php(43): require_once('FCPATH\\index.php')
CRITICAL - 2023-02-04 08:20:58 --> Undefined variable: a
in APPPATH\Views\artikel\index.php on line 4.
 1 APPPATH\Views\artikel\index.php(4): CodeIgniter\Debug\Exceptions->errorHandler(8, 'Undefined variable: a', 'APPPATH\\Views\\artikel\\index.php', 4, [...])
 2 SYSTEMPATH\View\View.php(213): include('APPPATH\\Views\\artikel\\index.php')
 3 SYSTEMPATH\View\View.php(216): CodeIgniter\View\View->CodeIgniter\View\{closure}()
 4 SYSTEMPATH\Common.php(1135): CodeIgniter\View\View->render('artikel/index', [], true)
 5 APPPATH\Controllers\Artikel.php(26): view('artikel/index', [...])
 6 SYSTEMPATH\CodeIgniter.php(896): App\Controllers\Artikel->index()
 7 SYSTEMPATH\CodeIgniter.php(466): CodeIgniter\CodeIgniter->runController(Object(App\Controllers\Artikel))
 8 SYSTEMPATH\CodeIgniter.php(349): CodeIgniter\CodeIgniter->handleRequest(null, Object(Config\Cache), false)
 9 FCPATH\index.php(55): CodeIgniter\CodeIgniter->run()
10 SYSTEMPATH\Commands\Server\rewrite.php(43): require_once('FCPATH\\index.php')
CRITICAL - 2023-02-04 09:36:40 --> Call to undefined function App\Controllers\now()
in APPPATH\Controllers\Artikel.php on line 67.
 1 SYSTEMPATH\CodeIgniter.php(896): App\Controllers\Artikel->simpan()
 2 SYSTEMPATH\CodeIgniter.php(466): CodeIgniter\CodeIgniter->runController(Object(App\Controllers\Artikel))
 3 SYSTEMPATH\CodeIgniter.php(349): CodeIgniter\CodeIgniter->handleRequest(null, Object(Config\Cache), false)
 4 FCPATH\index.php(55): CodeIgniter\CodeIgniter->run()
 5 SYSTEMPATH\Commands\Server\rewrite.php(43): require_once('FCPATH\\index.php')
CRITICAL - 2023-02-04 09:43:53 --> syntax error, unexpected ']'
in APPPATH\Controllers\Artikel.php on line 69.
 1 SYSTEMPATH\Router\Router.php(499): CodeIgniter\Router\AutoRouter->getRoute('artikel/simpan')
 2 SYSTEMPATH\Router\Router.php(205): CodeIgniter\Router\Router->autoRoute('artikel/simpan')
 3 SYSTEMPATH\CodeIgniter.php(771): CodeIgniter\Router\Router->handle('artikel/simpan')
 4 SYSTEMPATH\CodeIgniter.php(415): CodeIgniter\CodeIgniter->tryToRouteIt(Object(CodeIgniter\Router\RouteCollection))
 5 SYSTEMPATH\CodeIgniter.php(349): CodeIgniter\CodeIgniter->handleRequest(null, Object(Config\Cache), false)
 6 FCPATH\index.php(55): CodeIgniter\CodeIgniter->run()
 7 SYSTEMPATH\Commands\Server\rewrite.php(43): require_once('FCPATH\\index.php')
CRITICAL - 2023-02-04 09:44:09 --> syntax error, unexpected ']'
in APPPATH\Controllers\Artikel.php on line 69.
 1 SYSTEMPATH\Router\Router.php(499): CodeIgniter\Router\AutoRouter->getRoute('artikel/simpan')
 2 SYSTEMPATH\Router\Router.php(205): CodeIgniter\Router\Router->autoRoute('artikel/simpan')
 3 SYSTEMPATH\CodeIgniter.php(771): CodeIgniter\Router\Router->handle('artikel/simpan')
 4 SYSTEMPATH\CodeIgniter.php(415): CodeIgniter\CodeIgniter->tryToRouteIt(Object(CodeIgniter\Router\RouteCollection))
 5 SYSTEMPATH\CodeIgniter.php(349): CodeIgniter\CodeIgniter->handleRequest(null, Object(Config\Cache), false)
 6 FCPATH\index.php(55): CodeIgniter\CodeIgniter->run()
 7 SYSTEMPATH\Commands\Server\rewrite.php(43): require_once('FCPATH\\index.php')
CRITICAL - 2023-02-04 09:44:18 --> Class 'App\Controllers\Time' not found
in APPPATH\Controllers\Artikel.php on line 61.
 1 SYSTEMPATH\CodeIgniter.php(896): App\Controllers\Artikel->simpan()
 2 SYSTEMPATH\CodeIgniter.php(466): CodeIgniter\CodeIgniter->runController(Object(App\Controllers\Artikel))
 3 SYSTEMPATH\CodeIgniter.php(349): CodeIgniter\CodeIgniter->handleRequest(null, Object(Config\Cache), false)
 4 FCPATH\index.php(55): CodeIgniter\CodeIgniter->run()
 5 SYSTEMPATH\Commands\Server\rewrite.php(43): require_once('FCPATH\\index.php')
CRITICAL - 2023-02-04 09:45:47 --> DateTimeZone::__construct(): Unknown or bad timezone (Indonesia/Jakarta)
in SYSTEMPATH\I18n\Time.php on line 89.
 1 SYSTEMPATH\I18n\Time.php(89): DateTimeZone->__construct('Indonesia/Jakarta')
 2 SYSTEMPATH\I18n\Time.php(145): CodeIgniter\I18n\Time->__construct('2023-02-04 00:00:00', 'Indonesia/Jakarta', 'en_US')
 3 APPPATH\Controllers\Artikel.php(62): CodeIgniter\I18n\Time::today('Indonesia/Jakarta', 'en_US')
 4 SYSTEMPATH\CodeIgniter.php(896): App\Controllers\Artikel->simpan()
 5 SYSTEMPATH\CodeIgniter.php(466): CodeIgniter\CodeIgniter->runController(Object(App\Controllers\Artikel))
 6 SYSTEMPATH\CodeIgniter.php(349): CodeIgniter\CodeIgniter->handleRequest(null, Object(Config\Cache), false)
 7 FCPATH\index.php(55): CodeIgniter\CodeIgniter->run()
 8 SYSTEMPATH\Commands\Server\rewrite.php(43): require_once('FCPATH\\index.php')
CRITICAL - 2023-02-04 11:38:24 --> Undefined index: gambar_thumbnail
in APPPATH\Views\artikel\view.php on line 12.
 1 APPPATH\Views\artikel\view.php(12): CodeIgniter\Debug\Exceptions->errorHandler(8, 'Undefined index: gambar_thumbnail', 'APPPATH\\Views\\artikel\\view.php', 12, [...])
 2 SYSTEMPATH\View\View.php(213): include('APPPATH\\Views\\artikel\\view.php')
 3 SYSTEMPATH\View\View.php(216): CodeIgniter\View\View->CodeIgniter\View\{closure}()
 4 SYSTEMPATH\Common.php(1135): CodeIgniter\View\View->render('artikel/view', [], true)
 5 APPPATH\Controllers\Artikel.php(37): view('artikel/view', [...])
 6 SYSTEMPATH\CodeIgniter.php(896): App\Controllers\Artikel->view('3')
 7 SYSTEMPATH\CodeIgniter.php(466): CodeIgniter\CodeIgniter->runController(Object(App\Controllers\Artikel))
 8 SYSTEMPATH\CodeIgniter.php(349): CodeIgniter\CodeIgniter->handleRequest(null, Object(Config\Cache), false)
 9 FCPATH\index.php(55): CodeIgniter\CodeIgniter->run()
10 SYSTEMPATH\Commands\Server\rewrite.php(43): require_once('FCPATH\\index.php')
CRITICAL - 2023-02-04 11:38:43 --> Trying to access array offset on value of type null
in APPPATH\Views\artikel\view.php on line 9.
 1 APPPATH\Views\artikel\view.php(9): CodeIgniter\Debug\Exceptions->errorHandler(8, 'Trying to access array offset on value of type null', 'APPPATH\\Views\\artikel\\view.php', 9, [...])
 2 SYSTEMPATH\View\View.php(213): include('APPPATH\\Views\\artikel\\view.php')
 3 SYSTEMPATH\View\View.php(216): CodeIgniter\View\View->CodeIgniter\View\{closure}()
 4 SYSTEMPATH\Common.php(1135): CodeIgniter\View\View->render('artikel/view', [], true)
 5 APPPATH\Controllers\Artikel.php(37): view('artikel/view', [...])
 6 SYSTEMPATH\CodeIgniter.php(896): App\Controllers\Artikel->view('1675526201_9263f16afcf5065378e8.png')
 7 SYSTEMPATH\CodeIgniter.php(466): CodeIgniter\CodeIgniter->runController(Object(App\Controllers\Artikel))
 8 SYSTEMPATH\CodeIgniter.php(349): CodeIgniter\CodeIgniter->handleRequest(null, Object(Config\Cache), false)
 9 FCPATH\index.php(55): CodeIgniter\CodeIgniter->run()
10 SYSTEMPATH\Commands\Server\rewrite.php(43): require_once('FCPATH\\index.php')
CRITICAL - 2023-02-04 12:20:20 --> Undefined variable: a
in APPPATH\Views\artikel\view.php on line 14.
 1 APPPATH\Views\artikel\view.php(14): CodeIgniter\Debug\Exceptions->errorHandler(8, 'Undefined variable: a', 'APPPATH\\Views\\artikel\\view.php', 14, [...])
 2 SYSTEMPATH\View\View.php(213): include('APPPATH\\Views\\artikel\\view.php')
 3 SYSTEMPATH\View\View.php(216): CodeIgniter\View\View->CodeIgniter\View\{closure}()
 4 SYSTEMPATH\Common.php(1135): CodeIgniter\View\View->render('artikel/view', [], true)
 5 APPPATH\Controllers\Artikel.php(40): view('artikel/view', [...])
 6 SYSTEMPATH\CodeIgniter.php(896): App\Controllers\Artikel->view('3')
 7 SYSTEMPATH\CodeIgniter.php(466): CodeIgniter\CodeIgniter->runController(Object(App\Controllers\Artikel))
 8 SYSTEMPATH\CodeIgniter.php(349): CodeIgniter\CodeIgniter->handleRequest(null, Object(Config\Cache), false)
 9 FCPATH\index.php(55): CodeIgniter\CodeIgniter->run()
10 SYSTEMPATH\Commands\Server\rewrite.php(43): require_once('FCPATH\\index.php')
